C51 COMPILER V9.60.7.0   SERIES                                                            06/04/2024 23:11:44 PAGE 1   


C51 COMPILER V9.60.7.0, COMPILATION OF MODULE SERIES
OBJECT MODULE PLACED IN .\Objects\series.obj
COMPILER INVOKED BY: C:\Keil_v5\C51\BIN\C51.EXE series.c OPTIMIZE(8,SPEED) BROWSE DEBUG OBJECTEXTEND PRINT(.\Listings\se
                    -ries.lst) TABS(2) OBJECT(.\Objects\series.obj)

line level    source

   1          #include <reg51.h>
   2          
   3          void delay(unsigned int);
   4          void main(void)
   5          {
   6   1        while(1)
   7   1         {
   8   2           P1=0x01;
   9   2           delay(50);
  10   2           P1=0x02;
  11   2           delay(50);
  12   2           P1=0x04;
  13   2           delay(50);
  14   2           P1=0x08;
  15   2           delay(50);
  16   2           P1=0x10;
  17   2           delay(50);
  18   2           P1=0x20;
  19   2           delay(50);
  20   2           P1=0x40;
  21   2           delay(50);
  22   2           P1=0x80;
  23   2           delay(50);
  24   2         }
  25   1       }
  26          void delay(unsigned int t)
  27          {
  28   1        unsigned int i,j;
  29   1        for(i=0;i<t;i++)
  30   1        for(j=0;j<1275;j++); // For 1ms, for loop need to iterate 1275 times.  
  31   1      }


MODULE INFORMATION:   STATIC OVERLAYABLE
   CODE SIZE        =     86    ----
   CONSTANT SIZE    =   ----    ----
   XDATA SIZE       =   ----    ----
   PDATA SIZE       =   ----    ----
   DATA SIZE        =   ----    ----
   IDATA SIZE       =   ----    ----
   BIT SIZE         =   ----    ----
END OF MODULE INFORMATION.


C51 COMPILATION COMPLETE.  0 WARNING(S),  0 ERROR(S)
