C51 COMPILER V9.60.7.0   ARRAY                                                             06/05/2024 00:34:18 PAGE 1   


C51 COMPILER V9.60.7.0, COMPILATION OF MODULE ARRAY
OBJECT MODULE PLACED IN .\Objects\array.obj
COMPILER INVOKED BY: C:\Keil_v5\C51\BIN\C51.EXE array.c OPTIMIZE(8,SPEED) BROWSE DEBUG OBJECTEXTEND PRINT(.\Listings\arr
                    -ay.lst) TABS(2) OBJECT(.\Objects\array.obj)

line level    source

   1          #include <reg51.h>
   2          #include <stdio.h>
   3          
   4          void delay(unsigned int);
   5          void main(void)
   6          {
   7   1        unsigned int A[8] = {0x01,0x02,0x04,0x08,0x10,0x20,0x40,0x80};
   8   1         int k=0;
   9   1        while(1)
  10   1         {
  11   2           for(k=0; k<=7; k++)
  12   2           {
  13   3             P1=A[k];
  14   3             delay(50);
  15   3           }
  16   2         }
  17   1      }
  18          void delay(unsigned int t)
  19          {
  20   1        unsigned int i,j;
  21   1        for(i=0;i<t;i++)
  22   1        for(j=0;j<1275;j++); // For 1ms, for loop need to iterate 1275 times.  
  23   1      }


MODULE INFORMATION:   STATIC OVERLAYABLE
   CODE SIZE        =    100    ----
   CONSTANT SIZE    =     16    ----
   XDATA SIZE       =   ----    ----
   PDATA SIZE       =   ----    ----
   DATA SIZE        =   ----      18
   IDATA SIZE       =   ----    ----
   BIT SIZE         =   ----    ----
END OF MODULE INFORMATION.


C51 COMPILATION COMPLETE.  0 WARNING(S),  0 ERROR(S)
