C51 COMPILER V9.60.7.0   FOR_LOOP                                                          06/05/2024 00:17:02 PAGE 1   


C51 COMPILER V9.60.7.0, COMPILATION OF MODULE FOR_LOOP
OBJECT MODULE PLACED IN .\Objects\for_loop.obj
COMPILER INVOKED BY: C:\Keil_v5\C51\BIN\C51.EXE for_loop.c OPTIMIZE(8,SPEED) BROWSE DEBUG OBJECTEXTEND PRINT(.\Listings\
                    -for_loop.lst) TABS(2) OBJECT(.\Objects\for_loop.obj)

line level    source

   1          #include<reg51.h>
   2          
   3          void delay(unsigned int);
   4          void main(void)
   5          {
   6   1        unsigned char k = 0x01;
   7   1        unsigned int n;
   8   1        while(1)
   9   1        {
  10   2          for( n=0;n<=7;n++){
  11   3          P1 = k;
  12   3          delay(50);
  13   3            k=k<<1;
  14   3          }
  15   2          if(k==0){
  16   3            k=0x01;
  17   3          }
  18   2        }
  19   1      }
  20          
  21          void delay(unsigned int t)
  22          {
  23   1        unsigned int i,j;
  24   1        for(i=0;i<t;i++)
  25   1        for(j=0;j<1275;j++);//1275 8051 will compute 1275 tiems in  1millisecond
  26   1      }


MODULE INFORMATION:   STATIC OVERLAYABLE
   CODE SIZE        =     82    ----
   CONSTANT SIZE    =   ----    ----
   XDATA SIZE       =   ----    ----
   PDATA SIZE       =   ----    ----
   DATA SIZE        =   ----       3
   IDATA SIZE       =   ----    ----
   BIT SIZE         =   ----    ----
END OF MODULE INFORMATION.


C51 COMPILATION COMPLETE.  0 WARNING(S),  0 ERROR(S)
